#
# There is insufficient memory for the Java Runtime Environment to continue.
# Native memory allocation (malloc) failed to allocate 161808 bytes for Chunk::new
# Possible reasons:
#   The system is out of physical RAM or swap space
#   The process is running with CompressedOops enabled, and the Java Heap may be blocking the growth of the native heap
# Possible solutions:
#   Reduce memory load on the system
#   Increase physical memory or swap space
#   Check if swap backing store is full
#   Decrease Java heap size (-Xmx/-Xms)
#   Decrease number of Java threads
#   Decrease Java thread stack sizes (-Xss)
#   Set larger code cache with -XX:ReservedCodeCacheSize=
#   JVM is running with Unscaled Compressed Oops mode in which the Java heap is
#     placed in the first 4GB address space. The Java Heap base address is the
#     maximum limit for the native heap growth. Please use -XX:HeapBaseMinAddress
#     to set the Java Heap base and to place the Java Heap above 4GB virtual address.
# This output file may be truncated or incomplete.
#
#  Out of Memory Error (t:/workspace/open/src/hotspot/share/memory/arena.cpp:196), pid=8580, tid=4912
#
# JRE version: Java(TM) SE Runtime Environment (13.0.2+8) (build 13.0.2+8)
# Java VM: Java HotSpot(TM) 64-Bit Server VM (13.0.2+8, mixed mode, sharing, tiered, compressed oops, g1 gc, windows-amd64)
# No core dump will be written. Minidumps are not enabled by default on client versions of Windows
#

---------------  S U M M A R Y ------------

Command Line: -Dclassworlds.conf=D:\Program Files\NetBeans-12.0\netbeans\java\maven\bin\..\bin\m2.conf -Dmaven.home=D:\Program Files\NetBeans-12.0\netbeans\java\maven\bin\.. -Dlibrary.jansi.path=D:\Program Files\NetBeans-12.0\netbeans\java\maven\bin\..\lib\jansi-native -Dmaven.multiModuleProjectDirectory=C:\Users\TAI\Desktop\LearnServlet\JavaShopOnline org.codehaus.plexus.classworlds.launcher.Launcher -Dnetbeans.deploy=true -Dnetbeans.deploy.clientUrlPart=/common/templates/backend-template.html -Dmaven.ext.class.path=D:\Program Files\NetBeans-12.0\netbeans\java\maven-nblib\netbeans-eventspy.jar -Dfile.encoding=UTF-8 package

Host: Intel(R) Core(TM) i5-6200U CPU @ 2.30GHz, 4 cores, 7G,  Windows 10 , 64 bit Build 18362 (10.0.18362.329)
Time: Wed Jul 29 10:48:12 2020 SE Asia Standard Time elapsed time: 13 seconds (0d 0h 0m 13s)

---------------  T H R E A D  ---------------

Current thread (0x000001407f692800):  JavaThread "C2 CompilerThread0" daemon [_thread_in_native, id=4912, stack(0x0000000eb0d00000,0x0000000eb0e00000)]


Current CompileTask:
C2:  13330 3808       4       org.apache.maven.model.ConfigurationContainer::setLocation (156 bytes)

Stack: [0x0000000eb0d00000,0x0000000eb0e00000]
Native frames: (J=compiled Java code, j=interpreted, Vv=VM code, C=native code)
V  [jvm.dll+0x624f9a]
V  [jvm.dll+0x770cfa]
V  [jvm.dll+0x7724af]
V  [jvm.dll+0x772ab3]
V  [jvm.dll+0x24bf08]
V  [jvm.dll+0xc1e47]
V  [jvm.dll+0xc23cc]
V  [jvm.dll+0x35c0c5]
V  [jvm.dll+0x19edb0]
V  [jvm.dll+0x205d36]
V  [jvm.dll+0x204e3f]
V  [jvm.dll+0x189c2c]
V  [jvm.dll+0x213e6d]
V  [jvm.dll+0x2120bb]
V  [jvm.dll+0x736bb6]
V  [jvm.dll+0x72fcaa]
V  [jvm.dll+0x623ea6]
C  [ucrtbase.dll+0x20e72]
C  [KERNEL32.DLL+0x17bd4]
C  [ntdll.dll+0x6ced1]


---------------  P R O C E S S  ---------------

Threads class SMR info:
_java_thread_list=0x00000140167dadd0, length=10, elements={
0x0000014075fc2800, 0x000001407f66f800, 0x000001407f673000, 0x000001407f68f800,
0x000001407f691800, 0x000001407f692800, 0x000001407f69e000, 0x000001407f6b0800,
0x0000014015023800, 0x0000014015029800
}

Java Threads: ( => current thread )
  0x0000014075fc2800 JavaThread "main" [_thread_in_native, id=1120, stack(0x0000000eb0200000,0x0000000eb0300000)]
  0x000001407f66f800 JavaThread "Reference Handler" daemon [_thread_blocked, id=15940, stack(0x0000000eb0900000,0x0000000eb0a00000)]
  0x000001407f673000 JavaThread "Finalizer" daemon [_thread_blocked, id=8124, stack(0x0000000eb0a00000,0x0000000eb0b00000)]
  0x000001407f68f800 JavaThread "Signal Dispatcher" daemon [_thread_blocked, id=15724, stack(0x0000000eb0b00000,0x0000000eb0c00000)]
  0x000001407f691800 JavaThread "Attach Listener" daemon [_thread_blocked, id=14128, stack(0x0000000eb0c00000,0x0000000eb0d00000)]
=>0x000001407f692800 JavaThread "C2 CompilerThread0" daemon [_thread_in_native, id=4912, stack(0x0000000eb0d00000,0x0000000eb0e00000)]
  0x000001407f69e000 JavaThread "C1 CompilerThread0" daemon [_thread_blocked, id=17148, stack(0x0000000eb0e00000,0x0000000eb0f00000)]
  0x000001407f6b0800 JavaThread "Sweeper thread" daemon [_thread_blocked, id=13424, stack(0x0000000eb0f00000,0x0000000eb1000000)]
  0x0000014015023800 JavaThread "Service Thread" daemon [_thread_blocked, id=7368, stack(0x0000000eb1000000,0x0000000eb1100000)]
  0x0000014015029800 JavaThread "Common-Cleaner" daemon [_thread_blocked, id=11764, stack(0x0000000eb1200000,0x0000000eb1300000)]

Other Threads:
  0x000001407f66c000 VMThread "VM Thread" [stack: 0x0000000eb0800000,0x0000000eb0900000] [id=4344]
  0x0000014015024800 WatcherThread [stack: 0x0000000eb1100000,0x0000000eb1200000] [id=17000]
  0x0000014076006000 GCTaskThread "GC Thread#0" [stack: 0x0000000eb0300000,0x0000000eb0400000] [id=13320]
  0x00000140159dc800 GCTaskThread "GC Thread#1" [stack: 0x0000000eb1300000,0x0000000eb1400000] [id=988]
  0x0000014015911000 GCTaskThread "GC Thread#2" [stack: 0x0000000eb1400000,0x0000000eb1500000] [id=13300]
  0x0000014076018000 ConcurrentGCThread "G1 Main Marker" [stack: 0x0000000eb0400000,0x0000000eb0500000] [id=7372]
  0x0000014076019000 ConcurrentGCThread "G1 Conc#0" [stack: 0x0000000eb0500000,0x0000000eb0600000] [id=11864]
  0x000001407f4f0800 ConcurrentGCThread "G1 Refine#0" [stack: 0x0000000eb0600000,0x0000000eb0700000] [id=10904]
  0x000001407f4f2000 ConcurrentGCThread "G1 Young RemSet Sampling" [stack: 0x0000000eb0700000,0x0000000eb0800000] [id=2616]

Threads with active compile tasks:
C2 CompilerThread0    13419 3808       4       org.apache.maven.model.ConfigurationContainer::setLocation (156 bytes)

VM state:not at safepoint (normal execution)

VM Mutex/Monitor currently owned by a thread: None

Heap address: 0x0000000082200000, size: 2014 MB, Compressed Oops mode: 32-bit
Narrow klass base: 0x0000000800000000, Narrow klass shift: 3
Compressed class space size: 1073741824 Address: 0x0000000800b40000

Heap:
 garbage-first heap   total 129024K, used 35046K [0x0000000082200000, 0x0000000100000000)
  region size 1024K, 33 young (33792K), 8 survivors (8192K)
 Metaspace       used 16196K, capacity 17761K, committed 18048K, reserved 1064960K
  class space    used 1843K, capacity 2135K, committed 2176K, reserved 1048576K
Heap Regions: E=young(eden), S=young(survivor), O=old, HS=humongous(starts), HC=humongous(continues), CS=collection set, F=free, A=archive, TAMS=top-at-mark-start (previous, next)
|   0|0x0000000082200000, 0x0000000082300000, 0x0000000082300000|100%| O|  |TAMS 0x0000000082200000, 0x0000000082200000| Untracked 
|   1|0x0000000082300000, 0x0000000082400000, 0x0000000082400000|100%| O|  |TAMS 0x0000000082300000, 0x0000000082300000| Untracked 
|   2|0x0000000082400000, 0x00000000824ef200, 0x0000000082500000| 93%| O|  |TAMS 0x0000000082400000, 0x0000000082400000| Untracked 
|   3|0x0000000082500000, 0x0000000082500000, 0x0000000082600000|  0%| F|  |TAMS 0x0000000082500000, 0x0000000082500000| Untracked 
|   4|0x0000000082600000, 0x0000000082600000, 0x0000000082700000|  0%| F|  |TAMS 0x0000000082600000, 0x0000000082600000| Untracked 
|   5|0x0000000082700000, 0x0000000082700000, 0x0000000082800000|  0%| F|  |TAMS 0x0000000082700000, 0x0000000082700000| Untracked 
|   6|0x0000000082800000, 0x0000000082800000, 0x0000000082900000|  0%| F|  |TAMS 0x0000000082800000, 0x0000000082800000| Untracked 
|   7|0x0000000082900000, 0x0000000082900000, 0x0000000082a00000|  0%| F|  |TAMS 0x0000000082900000, 0x0000000082900000| Untracked 
|   8|0x0000000082a00000, 0x0000000082a00000, 0x0000000082b00000|  0%| F|  |TAMS 0x0000000082a00000, 0x0000000082a00000| Untracked 
|   9|0x0000000082b00000, 0x0000000082b00000, 0x0000000082c00000|  0%| F|  |TAMS 0x0000000082b00000, 0x0000000082b00000| Untracked 
|  10|0x0000000082c00000, 0x0000000082c00000, 0x0000000082d00000|  0%| F|  |TAMS 0x0000000082c00000, 0x0000000082c00000| Untracked 
|  11|0x0000000082d00000, 0x0000000082d00000, 0x0000000082e00000|  0%| F|  |TAMS 0x0000000082d00000, 0x0000000082d00000| Untracked 
|  12|0x0000000082e00000, 0x0000000082e00000, 0x0000000082f00000|  0%| F|  |TAMS 0x0000000082e00000, 0x0000000082e00000| Untracked 
|  13|0x0000000082f00000, 0x0000000082f00000, 0x0000000083000000|  0%| F|  |TAMS 0x0000000082f00000, 0x0000000082f00000| Untracked 
|  14|0x0000000083000000, 0x0000000083000000, 0x0000000083100000|  0%| F|  |TAMS 0x0000000083000000, 0x0000000083000000| Untracked 
|  15|0x0000000083100000, 0x0000000083100000, 0x0000000083200000|  0%| F|  |TAMS 0x0000000083100000, 0x0000000083100000| Untracked 
|  16|0x0000000083200000, 0x0000000083200000, 0x0000000083300000|  0%| F|  |TAMS 0x0000000083200000, 0x0000000083200000| Untracked 
|  17|0x0000000083300000, 0x0000000083300000, 0x0000000083400000|  0%| F|  |TAMS 0x0000000083300000, 0x0000000083300000| Untracked 
|  18|0x0000000083400000, 0x0000000083400000, 0x0000000083500000|  0%| F|  |TAMS 0x0000000083400000, 0x0000000083400000| Untracked 
|  19|0x0000000083500000, 0x0000000083500000, 0x0000000083600000|  0%| F|  |TAMS 0x0000000083500000, 0x0000000083500000| Untracked 
|  20|0x0000000083600000, 0x0000000083600000, 0x0000000083700000|  0%| F|  |TAMS 0x0000000083600000, 0x0000000083600000| Untracked 
|  21|0x0000000083700000, 0x0000000083700000, 0x0000000083800000|  0%| F|  |TAMS 0x0000000083700000, 0x0000000083700000| Untracked 
|  22|0x0000000083800000, 0x0000000083800000, 0x0000000083900000|  0%| F|  |TAMS 0x0000000083800000, 0x0000000083800000| Untracked 
|  23|0x0000000083900000, 0x0000000083900000, 0x0000000083a00000|  0%| F|  |TAMS 0x0000000083900000, 0x0000000083900000| Untracked 
|  24|0x0000000083a00000, 0x0000000083a00000, 0x0000000083b00000|  0%| F|  |TAMS 0x0000000083a00000, 0x0000000083a00000| Untracked 
|  25|0x0000000083b00000, 0x0000000083b00000, 0x0000000083c00000|  0%| F|  |TAMS 0x0000000083b00000, 0x0000000083b00000| Untracked 
|  26|0x0000000083c00000, 0x0000000083c00000, 0x0000000083d00000|  0%| F|  |TAMS 0x0000000083c00000, 0x0000000083c00000| Untracked 
|  27|0x0000000083d00000, 0x0000000083d00000, 0x0000000083e00000|  0%| F|  |TAMS 0x0000000083d00000, 0x0000000083d00000| Untracked 
|  28|0x0000000083e00000, 0x0000000083e00000, 0x0000000083f00000|  0%| F|  |TAMS 0x0000000083e00000, 0x0000000083e00000| Untracked 
|  29|0x0000000083f00000, 0x0000000083f00000, 0x0000000084000000|  0%| F|  |TAMS 0x0000000083f00000, 0x0000000083f00000| Untracked 
|  30|0x0000000084000000, 0x0000000084000000, 0x0000000084100000|  0%| F|  |TAMS 0x0000000084000000, 0x0000000084000000| Untracked 
|  31|0x0000000084100000, 0x0000000084100000, 0x0000000084200000|  0%| F|  |TAMS 0x0000000084100000, 0x0000000084100000| Untracked 
|  32|0x0000000084200000, 0x0000000084200000, 0x0000000084300000|  0%| F|  |TAMS 0x0000000084200000, 0x0000000084200000| Untracked 
|  33|0x0000000084300000, 0x0000000084300000, 0x0000000084400000|  0%| F|  |TAMS 0x0000000084300000, 0x0000000084300000| Untracked 
|  34|0x0000000084400000, 0x0000000084400000, 0x0000000084500000|  0%| F|  |TAMS 0x0000000084400000, 0x0000000084400000| Untracked 
|  35|0x0000000084500000, 0x0000000084500000, 0x0000000084600000|  0%| F|  |TAMS 0x0000000084500000, 0x0000000084500000| Untracked 
|  36|0x0000000084600000, 0x0000000084600000, 0x0000000084700000|  0%| F|  |TAMS 0x0000000084600000, 0x0000000084600000| Untracked 
|  37|0x0000000084700000, 0x0000000084700000, 0x0000000084800000|  0%| F|  |TAMS 0x0000000084700000, 0x0000000084700000| Untracked 
|  38|0x0000000084800000, 0x0000000084800000, 0x0000000084900000|  0%| F|  |TAMS 0x0000000084800000, 0x0000000084800000| Untracked 
|  39|0x0000000084900000, 0x0000000084900000, 0x0000000084a00000|  0%| F|  |TAMS 0x0000000084900000, 0x0000000084900000| Untracked 
|  40|0x0000000084a00000, 0x0000000084a00000, 0x0000000084b00000|  0%| F|  |TAMS 0x0000000084a00000, 0x0000000084a00000| Untracked 
|  41|0x0000000084b00000, 0x0000000084b00000, 0x0000000084c00000|  0%| F|  |TAMS 0x0000000084b00000, 0x0000000084b00000| Untracked 
|  42|0x0000000084c00000, 0x0000000084c00000, 0x0000000084d00000|  0%| F|  |TAMS 0x0000000084c00000, 0x0000000084c00000| Untracked 
|  43|0x0000000084d00000, 0x0000000084d00000, 0x0000000084e00000|  0%| F|  |TAMS 0x0000000084d00000, 0x0000000084d00000| Untracked 
|  44|0x0000000084e00000, 0x0000000084e00000, 0x0000000084f00000|  0%| F|  |TAMS 0x0000000084e00000, 0x0000000084e00000| Untracked 
|  45|0x0000000084f00000, 0x0000000084f00000, 0x0000000085000000|  0%| F|  |TAMS 0x0000000084f00000, 0x0000000084f00000| Untracked 
|  46|0x0000000085000000, 0x0000000085000000, 0x0000000085100000|  0%| F|  |TAMS 0x0000000085000000, 0x0000000085000000| Untracked 
|  47|0x0000000085100000, 0x0000000085100000, 0x0000000085200000|  0%| F|  |TAMS 0x0000000085100000, 0x0000000085100000| Untracked 
|  48|0x0000000085200000, 0x0000000085200000, 0x0000000085300000|  0%| F|  |TAMS 0x0000000085200000, 0x0000000085200000| Untracked 
|  49|0x0000000085300000, 0x0000000085300000, 0x0000000085400000|  0%| F|  |TAMS 0x0000000085300000, 0x0000000085300000| Untracked 
|  50|0x0000000085400000, 0x0000000085400000, 0x0000000085500000|  0%| F|  |TAMS 0x0000000085400000, 0x0000000085400000| Untracked 
|  51|0x0000000085500000, 0x0000000085500000, 0x0000000085600000|  0%| F|  |TAMS 0x0000000085500000, 0x0000000085500000| Untracked 
|  52|0x0000000085600000, 0x0000000085600000, 0x0000000085700000|  0%| F|  |TAMS 0x0000000085600000, 0x0000000085600000| Untracked 
|  53|0x0000000085700000, 0x0000000085700000, 0x0000000085800000|  0%| F|  |TAMS 0x0000000085700000, 0x0000000085700000| Untracked 
|  54|0x0000000085800000, 0x0000000085800000, 0x0000000085900000|  0%| F|  |TAMS 0x0000000085800000, 0x0000000085800000| Untracked 
|  55|0x0000000085900000, 0x0000000085900000, 0x0000000085a00000|  0%| F|  |TAMS 0x0000000085900000, 0x0000000085900000| Untracked 
|  56|0x0000000085a00000, 0x0000000085a00000, 0x0000000085b00000|  0%| F|  |TAMS 0x0000000085a00000, 0x0000000085a00000| Untracked 
|  57|0x0000000085b00000, 0x0000000085b00000, 0x0000000085c00000|  0%| F|  |TAMS 0x0000000085b00000, 0x0000000085b00000| Untracked 
|  58|0x0000000085c00000, 0x0000000085c00000, 0x0000000085d00000|  0%| F|  |TAMS 0x0000000085c00000, 0x0000000085c00000| Untracked 
|  59|0x0000000085d00000, 0x0000000085d4a8a0, 0x0000000085e00000| 29%| S|CS|TAMS 0x0000000085d00000, 0x0000000085d00000| Complete 
|  60|0x0000000085e00000, 0x0000000085f00000, 0x0000000085f00000|100%| S|CS|TAMS 0x0000000085e00000, 0x0000000085e00000| Complete 
|  61|0x0000000085f00000, 0x0000000086000000, 0x0000000086000000|100%| S|CS|TAMS 0x0000000085f00000, 0x0000000085f00000| Complete 
|  62|0x0000000086000000, 0x0000000086100000, 0x0000000086100000|100%| S|CS|TAMS 0x0000000086000000, 0x0000000086000000| Complete 
|  63|0x0000000086100000, 0x0000000086200000, 0x0000000086200000|100%| S|CS|TAMS 0x0000000086100000, 0x0000000086100000| Complete 
|  64|0x0000000086200000, 0x0000000086300000, 0x0000000086300000|100%| S|CS|TAMS 0x0000000086200000, 0x0000000086200000| Complete 
|  65|0x0000000086300000, 0x0000000086400000, 0x0000000086400000|100%| S|CS|TAMS 0x0000000086300000, 0x0000000086300000| Complete 
|  66|0x0000000086400000, 0x0000000086500000, 0x0000000086500000|100%| S|CS|TAMS 0x0000000086400000, 0x0000000086400000| Complete 
|  67|0x0000000086500000, 0x0000000086500000, 0x0000000086600000|  0%| F|  |TAMS 0x0000000086500000, 0x0000000086500000| Untracked 
|  68|0x0000000086600000, 0x0000000086600000, 0x0000000086700000|  0%| F|  |TAMS 0x0000000086600000, 0x0000000086600000| Untracked 
|  69|0x0000000086700000, 0x0000000086700000, 0x0000000086800000|  0%| F|  |TAMS 0x0000000086700000, 0x0000000086700000| Untracked 
|  70|0x0000000086800000, 0x0000000086800000, 0x0000000086900000|  0%| F|  |TAMS 0x0000000086800000, 0x0000000086800000| Untracked 
|  71|0x0000000086900000, 0x0000000086900000, 0x0000000086a00000|  0%| F|  |TAMS 0x0000000086900000, 0x0000000086900000| Untracked 
|  72|0x0000000086a00000, 0x0000000086a00000, 0x0000000086b00000|  0%| F|  |TAMS 0x0000000086a00000, 0x0000000086a00000| Untracked 
|  73|0x0000000086b00000, 0x0000000086b00000, 0x0000000086c00000|  0%| F|  |TAMS 0x0000000086b00000, 0x0000000086b00000| Untracked 
|  74|0x0000000086c00000, 0x0000000086c00000, 0x0000000086d00000|  0%| F|  |TAMS 0x0000000086c00000, 0x0000000086c00000| Untracked 
|  75|0x0000000086d00000, 0x0000000086d00000, 0x0000000086e00000|  0%| F|  |TAMS 0x0000000086d00000, 0x0000000086d00000| Untracked 
|  76|0x0000000086e00000, 0x0000000086e00000, 0x0000000086f00000|  0%| F|  |TAMS 0x0000000086e00000, 0x0000000086e00000| Untracked 
|  77|0x0000000086f00000, 0x0000000086f00000, 0x0000000087000000|  0%| F|  |TAMS 0x0000000086f00000, 0x0000000086f00000| Untracked 
|  78|0x0000000087000000, 0x0000000087000000, 0x0000000087100000|  0%| F|  |TAMS 0x0000000087000000, 0x0000000087000000| Untracked 
|  79|0x0000000087100000, 0x0000000087100000, 0x0000000087200000|  0%| F|  |TAMS 0x0000000087100000, 0x0000000087100000| Untracked 
|  80|0x0000000087200000, 0x0000000087200000, 0x0000000087300000|  0%| F|  |TAMS 0x0000000087200000, 0x0000000087200000| Untracked 
|  81|0x0000000087300000, 0x0000000087300000, 0x0000000087400000|  0%| F|  |TAMS 0x0000000087300000, 0x0000000087300000| Untracked 
|  82|0x0000000087400000, 0x0000000087400000, 0x0000000087500000|  0%| F|  |TAMS 0x0000000087400000, 0x0000000087400000| Untracked 
|  83|0x0000000087500000, 0x0000000087500000, 0x0000000087600000|  0%| F|  |TAMS 0x0000000087500000, 0x0000000087500000| Untracked 
|  84|0x0000000087600000, 0x0000000087600000, 0x0000000087700000|  0%| F|  |TAMS 0x0000000087600000, 0x0000000087600000| Untracked 
|  85|0x0000000087700000, 0x0000000087700000, 0x0000000087800000|  0%| F|  |TAMS 0x0000000087700000, 0x0000000087700000| Untracked 
|  86|0x0000000087800000, 0x0000000087800000, 0x0000000087900000|  0%| F|  |TAMS 0x0000000087800000, 0x0000000087800000| Untracked 
|  87|0x0000000087900000, 0x0000000087900000, 0x0000000087a00000|  0%| F|  |TAMS 0x0000000087900000, 0x0000000087900000| Untracked 
|  88|0x0000000087a00000, 0x0000000087a00000, 0x0000000087b00000|  0%| F|  |TAMS 0x0000000087a00000, 0x0000000087a00000| Untracked 
|  89|0x0000000087b00000, 0x0000000087b00000, 0x0000000087c00000|  0%| F|  |TAMS 0x0000000087b00000, 0x0000000087b00000| Untracked 
|  90|0x0000000087c00000, 0x0000000087c00000, 0x0000000087d00000|  0%| F|  |TAMS 0x0000000087c00000, 0x0000000087c00000| Untracked 
|  91|0x0000000087d00000, 0x0000000087d00000, 0x0000000087e00000|  0%| F|  |TAMS 0x0000000087d00000, 0x0000000087d00000| Untracked 
|  92|0x0000000087e00000, 0x0000000087e00000, 0x0000000087f00000|  0%| F|  |TAMS 0x0000000087e00000, 0x0000000087e00000| Untracked 
|  93|0x0000000087f00000, 0x0000000087f00000, 0x0000000088000000|  0%| F|  |TAMS 0x0000000087f00000, 0x0000000087f00000| Untracked 
|  94|0x0000000088000000, 0x0000000088000000, 0x0000000088100000|  0%| F|  |TAMS 0x0000000088000000, 0x0000000088000000| Untracked 
|  95|0x0000000088100000, 0x0000000088100000, 0x0000000088200000|  0%| F|  |TAMS 0x0000000088100000, 0x0000000088100000| Untracked 
|  96|0x0000000088200000, 0x0000000088200000, 0x0000000088300000|  0%| F|  |TAMS 0x0000000088200000, 0x0000000088200000| Untracked 
|  97|0x0000000088300000, 0x0000000088300000, 0x0000000088400000|  0%| F|  |TAMS 0x0000000088300000, 0x0000000088300000| Untracked 
|  98|0x0000000088400000, 0x0000000088400000, 0x0000000088500000|  0%| F|  |TAMS 0x0000000088400000, 0x0000000088400000| Untracked 
|  99|0x0000000088500000, 0x0000000088500000, 0x0000000088600000|  0%| F|  |TAMS 0x0000000088500000, 0x0000000088500000| Untracked 
| 100|0x0000000088600000, 0x0000000088600000, 0x0000000088700000|  0%| F|  |TAMS 0x0000000088600000, 0x0000000088600000| Untracked 
| 101|0x0000000088700000, 0x0000000088780800, 0x0000000088800000| 50%| E|  |TAMS 0x0000000088700000, 0x0000000088700000| Complete 
| 102|0x0000000088800000, 0x0000000088900000, 0x0000000088900000|100%| E|CS|TAMS 0x0000000088800000, 0x0000000088800000| Complete 
| 103|0x0000000088900000, 0x0000000088a00000, 0x0000000088a00000|100%| E|CS|TAMS 0x0000000088900000, 0x0000000088900000| Complete 
| 104|0x0000000088a00000, 0x0000000088b00000, 0x0000000088b00000|100%| E|CS|TAMS 0x0000000088a00000, 0x0000000088a00000| Complete 
| 105|0x0000000088b00000, 0x0000000088c00000, 0x0000000088c00000|100%| E|CS|TAMS 0x0000000088b00000, 0x0000000088b00000| Complete 
| 106|0x0000000088c00000, 0x0000000088d00000, 0x0000000088d00000|100%| E|CS|TAMS 0x0000000088c00000, 0x0000000088c00000| Complete 
| 107|0x0000000088d00000, 0x0000000088e00000, 0x0000000088e00000|100%| E|CS|TAMS 0x0000000088d00000, 0x0000000088d00000| Complete 
| 108|0x0000000088e00000, 0x0000000088f00000, 0x0000000088f00000|100%| E|CS|TAMS 0x0000000088e00000, 0x0000000088e00000| Complete 
| 109|0x0000000088f00000, 0x0000000089000000, 0x0000000089000000|100%| E|CS|TAMS 0x0000000088f00000, 0x0000000088f00000| Complete 
| 110|0x0000000089000000, 0x0000000089100000, 0x0000000089100000|100%| E|CS|TAMS 0x0000000089000000, 0x0000000089000000| Complete 
| 111|0x0000000089100000, 0x0000000089200000, 0x0000000089200000|100%| E|CS|TAMS 0x0000000089100000, 0x0000000089100000| Complete 
| 112|0x0000000089200000, 0x0000000089300000, 0x0000000089300000|100%| E|CS|TAMS 0x0000000089200000, 0x0000000089200000| Complete 
| 113|0x0000000089300000, 0x0000000089400000, 0x0000000089400000|100%| E|CS|TAMS 0x0000000089300000, 0x0000000089300000| Complete 
| 114|0x0000000089400000, 0x0000000089500000, 0x0000000089500000|100%| E|CS|TAMS 0x0000000089400000, 0x0000000089400000| Complete 
| 115|0x0000000089500000, 0x0000000089600000, 0x0000000089600000|100%| E|CS|TAMS 0x0000000089500000, 0x0000000089500000| Complete 
| 116|0x0000000089600000, 0x0000000089700000, 0x0000000089700000|100%| E|CS|TAMS 0x0000000089600000, 0x0000000089600000| Complete 
| 117|0x0000000089700000, 0x0000000089800000, 0x0000000089800000|100%| E|CS|TAMS 0x0000000089700000, 0x0000000089700000| Complete 
| 118|0x0000000089800000, 0x0000000089900000, 0x0000000089900000|100%| E|CS|TAMS 0x0000000089800000, 0x0000000089800000| Complete 
| 119|0x0000000089900000, 0x0000000089a00000, 0x0000000089a00000|100%| E|CS|TAMS 0x0000000089900000, 0x0000000089900000| Complete 
| 120|0x0000000089a00000, 0x0000000089b00000, 0x0000000089b00000|100%| E|CS|TAMS 0x0000000089a00000, 0x0000000089a00000| Complete 
| 121|0x0000000089b00000, 0x0000000089c00000, 0x0000000089c00000|100%| E|CS|TAMS 0x0000000089b00000, 0x0000000089b00000| Complete 
| 122|0x0000000089c00000, 0x0000000089d00000, 0x0000000089d00000|100%| E|CS|TAMS 0x0000000089c00000, 0x0000000089c00000| Complete 
| 123|0x0000000089d00000, 0x0000000089e00000, 0x0000000089e00000|100%| E|CS|TAMS 0x0000000089d00000, 0x0000000089d00000| Complete 
| 124|0x0000000089e00000, 0x0000000089f00000, 0x0000000089f00000|100%| E|CS|TAMS 0x0000000089e00000, 0x0000000089e00000| Complete 
| 125|0x0000000089f00000, 0x000000008a000000, 0x000000008a000000|100%| E|CS|TAMS 0x0000000089f00000, 0x0000000089f00000| Complete 

Card table byte_map: [0x000001407e8b0000,0x000001407eca0000] _byte_map_base: 0x000001407e49f000

Marking Bits (Prev, Next): (CMBitMap*) 0x0000014076006d78, (CMBitMap*) 0x0000014076006db8
 Prev Bits: [0x000001400f000000, 0x0000014010f78000)
 Next Bits: [0x0000014010f80000, 0x0000014012ef8000)

Polling page: 0x0000014073f30000

Metaspace:

Usage:
  Non-class:     15.26 MB capacity,    14.02 MB ( 92%) used,     1.22 MB (  8%) free+waste,    20.00 KB ( <1%) overhead. 
      Class:      2.08 MB capacity,     1.80 MB ( 86%) used,   282.41 KB ( 13%) free+waste,     8.94 KB ( <1%) overhead. 
       Both:     17.34 MB capacity,    15.82 MB ( 91%) used,     1.50 MB (  9%) free+waste,    28.94 KB ( <1%) overhead. 

Virtual space:
  Non-class space:       16.00 MB reserved,      15.50 MB ( 97%) committed 
      Class space:        1.00 GB reserved,       2.13 MB ( <1%) committed 
             Both:        1.02 GB reserved,      17.63 MB (  2%) committed 

Chunk freelists:
   Non-Class:  54.00 KB
       Class:  9.00 KB
        Both:  63.00 KB

MaxMetaspaceSize: 17179869184.00 GB
CompressedClassSpaceSize: 1.00 GB

CodeHeap 'non-profiled nmethods': size=120000Kb used=2147Kb max_used=2147Kb free=117852Kb
 bounds [0x0000014007ad0000, 0x0000014007d40000, 0x000001400f000000]
CodeHeap 'profiled nmethods': size=120000Kb used=9121Kb max_used=9121Kb free=110878Kb
 bounds [0x00000140005a0000, 0x0000014000e90000, 0x0000014007ad0000]
CodeHeap 'non-nmethods': size=5760Kb used=1213Kb max_used=1264Kb free=4546Kb
 bounds [0x0000014000000000, 0x0000014000270000, 0x00000140005a0000]
 total_blobs=5526 nmethods=3806 adapters=380
 compilation: enabled
              stopped_count=0, restarted_count=0
 full_count=0

Compilation events (20 events):
Event: 13.224 Thread 0x000001407f69e000 nmethod 3802 0x0000014000e6dd90 code [0x0000014000e6e060, 0x0000014000e6ef60]
Event: 13.224 Thread 0x000001407f69e000 3803       3       org.eclipse.aether.graph.DefaultDependencyNode::setAliases (29 bytes)
Event: 13.224 Thread 0x000001407f69e000 nmethod 3803 0x0000014000e6f510 code [0x0000014000e6f6e0, 0x0000014000e6fb10]
Event: 13.224 Thread 0x000001407f69e000 3804       3       org.eclipse.aether.internal.impl.collect.DataPool::toKey (5 bytes)
Event: 13.224 Thread 0x000001407f69e000 nmethod 3804 0x0000014000e6fc10 code [0x0000014000e6fdc0, 0x0000014000e6ff58]
Event: 13.224 Thread 0x000001407f69e000 3805       3       org.eclipse.aether.internal.impl.collect.DataPool::getDescriptor (26 bytes)
Event: 13.225 Thread 0x000001407f69e000 nmethod 3805 0x0000014000e70010 code [0x0000014000e701e0, 0x0000014000e70660]
Event: 13.250 Thread 0x000001407f69e000 3806       3       org.apache.maven.model.io.xpp3.MavenXpp3Reader::parseParent (256 bytes)
Event: 13.252 Thread 0x000001407f69e000 nmethod 3806 0x0000014000e70790 code [0x0000014000e70c00, 0x0000014000e72b30]
Event: 13.274 Thread 0x000001407f69e000 3807       3       org.apache.maven.model.Scm::<init> (11 bytes)
Event: 13.274 Thread 0x000001407f69e000 nmethod 3807 0x0000014000e73710 code [0x0000014000e738c0, 0x0000014000e73af8]
Event: 13.276 Thread 0x000001407f692800 3808       4       org.apache.maven.model.ConfigurationContainer::setLocation (156 bytes)
Event: 13.277 Thread 0x000001407f69e000 3809   !   3       org.eclipse.aether.internal.impl.collect.DefaultDependencyCollector::resolveCachedArtifactDescriptor (84 bytes)
Event: 13.278 Thread 0x000001407f69e000 nmethod 3809 0x0000014000e73b90 code [0x0000014000e73e00, 0x0000014000e74a10]
Event: 13.278 Thread 0x000001407f69e000 3810       3       org.eclipse.aether.internal.impl.collect.DefaultDependencyCollector::createDependencyNode (62 bytes)
Event: 13.279 Thread 0x000001407f69e000 nmethod 3810 0x0000014000e74f90 code [0x0000014000e75200, 0x0000014000e75f50]
Event: 13.303 Thread 0x000001407f69e000 3812       3       org.apache.maven.model.interpolation.StringVisitorModelInterpolator$ModelVisitor::visit (42 bytes)
Event: 13.303 Thread 0x000001407f69e000 nmethod 3812 0x0000014000e76390 code [0x0000014000e765c0, 0x0000014000e76f60]
Event: 13.303 Thread 0x000001407f69e000 3813   !   3       org.apache.maven.model.building.DefaultModelBuilder::importDependencyManagement (1092 bytes)
Event: 13.318 Thread 0x000001407f69e000 nmethod 3813 0x0000014000e77210 code [0x0000014000e78240, 0x0000014000e81900]

GC Heap History (6 events):
Event: 0.802 GC heap before
{Heap before GC invocations=0 (full 0):
 garbage-first heap   total 129024K, used 14336K [0x0000000082200000, 0x0000000100000000)
  region size 1024K, 14 young (14336K), 0 survivors (0K)
 Metaspace       used 3784K, capacity 6876K, committed 7168K, reserved 1056768K
  class space    used 405K, capacity 721K, committed 768K, reserved 1048576K
}
Event: 0.808 GC heap after
{Heap after GC invocations=1 (full 0):
 garbage-first heap   total 129024K, used 3039K [0x0000000082200000, 0x0000000100000000)
  region size 1024K, 2 young (2048K), 2 survivors (2048K)
 Metaspace       used 3784K, capacity 6876K, committed 7168K, reserved 1056768K
  class space    used 405K, capacity 721K, committed 768K, reserved 1048576K
}
Event: 3.990 GC heap before
{Heap before GC invocations=1 (full 0):
 garbage-first heap   total 129024K, used 77791K [0x0000000082200000, 0x0000000100000000)
  region size 1024K, 75 young (76800K), 2 survivors (2048K)
 Metaspace       used 13058K, capacity 14834K, committed 15104K, reserved 1062912K
  class space    used 1517K, capacity 1758K, committed 1792K, reserved 1048576K
}
Event: 4.006 GC heap after
{Heap after GC invocations=2 (full 0):
 garbage-first heap   total 129024K, used 7287K [0x0000000082200000, 0x0000000100000000)
  region size 1024K, 7 young (7168K), 7 survivors (7168K)
 Metaspace       used 13058K, capacity 14834K, committed 15104K, reserved 1062912K
  class space    used 1517K, capacity 1758K, committed 1792K, reserved 1048576K
}
Event: 10.093 GC heap before
{Heap before GC invocations=2 (full 0):
 garbage-first heap   total 129024K, used 67703K [0x0000000082200000, 0x0000000100000000)
  region size 1024K, 66 young (67584K), 7 survivors (7168K)
 Metaspace       used 14647K, capacity 16285K, committed 16384K, reserved 1062912K
  class space    used 1669K, capacity 1966K, committed 2048K, reserved 1048576K
}
Event: 10.110 GC heap after
{Heap after GC invocations=3 (full 0):
 garbage-first heap   total 129024K, used 10470K [0x0000000082200000, 0x0000000100000000)
  region size 1024K, 8 young (8192K), 8 survivors (8192K)
 Metaspace       used 14647K, capacity 16285K, committed 16384K, reserved 1062912K
  class space    used 1669K, capacity 1966K, committed 2048K, reserved 1048576K
}

Deoptimization events (20 events):
Event: 10.251 Thread 0x0000014075fc2800 Uncommon trap: trap_request=0xffffffde fr.pc=0x0000014007b94e9c relative=0x000000000000007c
Event: 10.251 Thread 0x0000014075fc2800 Uncommon trap: reason=class_check action=maybe_recompile pc=0x0000014007b94e9c method=com.google.inject.internal.LinkedBindingImpl.acceptTargetVisitor(Lcom/google/inject/spi/BindingTargetVisitor;)Ljava/lang/Object; @ 2 c2
Event: 10.251 Thread 0x0000014075fc2800 DEOPT PACKING pc=0x0000014007b94e9c sp=0x0000000eb02fd8d0
Event: 10.251 Thread 0x0000014075fc2800 DEOPT UNPACKING pc=0x000001400004912f sp=0x0000000eb02fd858 mode 2
Event: 10.251 Thread 0x0000014075fc2800 Uncommon trap: trap_request=0xffffffde fr.pc=0x0000014007b94e9c relative=0x000000000000007c
Event: 10.251 Thread 0x0000014075fc2800 Uncommon trap: reason=class_check action=maybe_recompile pc=0x0000014007b94e9c method=com.google.inject.internal.LinkedBindingImpl.acceptTargetVisitor(Lcom/google/inject/spi/BindingTargetVisitor;)Ljava/lang/Object; @ 2 c2
Event: 10.251 Thread 0x0000014075fc2800 DEOPT PACKING pc=0x0000014007b94e9c sp=0x0000000eb02fd8d0
Event: 10.251 Thread 0x0000014075fc2800 DEOPT UNPACKING pc=0x000001400004912f sp=0x0000000eb02fd858 mode 2
Event: 10.262 Thread 0x0000014075fc2800 Uncommon trap: trap_request=0xffffff45 fr.pc=0x0000014007c6ba90 relative=0x0000000000000810
Event: 10.262 Thread 0x0000014075fc2800 Uncommon trap: reason=unstable_if action=reinterpret pc=0x0000014007c6ba90 method=java.lang.ThreadLocal$ThreadLocalMap.getEntry(Ljava/lang/ThreadLocal;)Ljava/lang/ThreadLocal$ThreadLocalMap$Entry; @ 29 c2
Event: 10.262 Thread 0x0000014075fc2800 DEOPT PACKING pc=0x0000014007c6ba90 sp=0x0000000eb02fd910
Event: 10.262 Thread 0x0000014075fc2800 DEOPT UNPACKING pc=0x000001400004912f sp=0x0000000eb02fd800 mode 2
Event: 10.271 Thread 0x0000014075fc2800 Uncommon trap: trap_request=0xffffff54 fr.pc=0x0000014007c42d58 relative=0x00000000000002b8
Event: 10.271 Thread 0x0000014075fc2800 Uncommon trap: reason=speculate_null_assert action=make_not_entrant pc=0x0000014007c42d58 method=org.eclipse.sisu.inject.RankedBindings$Itr.hasNext()Z @ 80 c2
Event: 10.271 Thread 0x0000014075fc2800 DEOPT PACKING pc=0x0000014007c42d58 sp=0x0000000eb02fdd10
Event: 10.271 Thread 0x0000014075fc2800 DEOPT UNPACKING pc=0x000001400004912f sp=0x0000000eb02fdcf8 mode 2
Event: 10.320 Thread 0x0000014075fc2800 DEOPT PACKING pc=0x00000140007002b4 sp=0x0000000eb02f75a0
Event: 10.320 Thread 0x0000014075fc2800 DEOPT UNPACKING pc=0x000001400004964e sp=0x0000000eb02f69a0 mode 0
Event: 11.076 Thread 0x0000014075fc2800 DEOPT PACKING pc=0x0000014000a76769 sp=0x0000000eb02fcc60
Event: 11.076 Thread 0x0000014075fc2800 DEOPT UNPACKING pc=0x000001400004964e sp=0x0000000eb02fc140 mode 0

Classes unloaded (0 events):
No events

Classes redefined (0 events):
No events

Internal exceptions (8 events):
Event: 0.257 Thread 0x0000014075fc2800 Exception <a 'java/lang/NoSuchMethodError'{0x0000000089c08088}: 'int java.lang.invoke.DirectMethodHandle$Holder.invokeSpecialIFC(java.lang.Object, java.lang.Object, int)'> (0x0000000089c08088) 
thrown [t:/workspace/open/src/hotspot/share/interpreter/linkResolver.cpp, line 767]
Event: 2.168 Thread 0x0000014075fc2800 Exception <a 'java/lang/NoClassDefFoundError'{0x0000000086f44310}: com/google/inject/servlet/ServletModuleTargetVisitor> (0x0000000086f44310) 
thrown [t:/workspace/open/src/hotspot/share/classfile/systemDictionary.cpp, line 221]
Event: 2.194 Thread 0x0000014075fc2800 Exception <a 'java/lang/NoClassDefFoundError'{0x0000000086f47588}: javax/annotation/Priority> (0x0000000086f47588) 
thrown [t:/workspace/open/src/hotspot/share/classfile/systemDictionary.cpp, line 221]
Event: 2.400 Thread 0x0000014075fc2800 Exception <a 'java/lang/NoSuchMethodError'{0x0000000086db0180}: 'java.lang.Object java.lang.invoke.DirectMethodHandle$Holder.invokeStaticInit(java.lang.Object, int, int, int, int)'> (0x0000000086db0180) 
thrown [t:/workspace/open/src/hotspot/share/interpreter/linkResolver.cpp, line 767]
Event: 3.705 Thread 0x0000014075fc2800 Implicit null exception at 0x0000014007b31b65 to 0x0000014007b31d42
Event: 3.712 Thread 0x0000014075fc2800 Implicit null exception at 0x0000014007b1412f to 0x0000014007b141ad
Event: 10.050 Thread 0x0000014075fc2800 Exception <a 'java/lang/NoClassDefFoundError'{0x000000008667e020}: org/sonatype/aether/version/VersionConstraint> (0x000000008667e020) 
thrown [t:/workspace/open/src/hotspot/share/classfile/systemDictionary.cpp, line 221]
Event: 10.129 Thread 0x0000014075fc2800 Exception <a 'java/lang/NoClassDefFoundError'{0x0000000089f353e0}: org/codehaus/plexus/util/interpolation/ValueSource> (0x0000000089f353e0) 
thrown [t:/workspace/open/src/hotspot/share/classfile/systemDictionary.cpp, line 221]

Events (20 events):
Event: 11.752 loading class org/codehaus/plexus/util/io/FileInputStreamFacade
Event: 11.752 loading class org/codehaus/plexus/util/io/FileInputStreamFacade done
Event: 11.755 loading class org/codehaus/plexus/util/IOUtil
Event: 11.755 loading class org/codehaus/plexus/util/IOUtil done
Event: 11.755 loading class org/codehaus/plexus/util/IOUtil
Event: 11.755 loading class org/codehaus/plexus/util/IOUtil done
Event: 11.761 loading class org/sonatype/plexus/build/incremental/EmptyScanner
Event: 11.761 loading class org/sonatype/plexus/build/incremental/EmptyScanner done
Event: 11.761 loading class org/sonatype/plexus/build/incremental/EmptyScanner
Event: 11.761 loading class org/sonatype/plexus/build/incremental/EmptyScanner done
Event: 11.762 loading class org/apache/maven/plugin/logging/Log
Event: 11.762 loading class org/apache/maven/plugin/logging/Log done
Event: 11.762 loading class org/apache/maven/plugin/logging/Log
Event: 11.762 loading class org/apache/maven/plugin/logging/Log done
Event: 11.762 loading class org/apache/maven/plugin/logging/Log
Event: 11.762 loading class org/apache/maven/plugin/logging/Log done
Event: 11.770 loading class org/apache/maven/artifact/resolver/filter/CumulativeScopeArtifactFilter
Event: 11.770 loading class org/apache/maven/artifact/resolver/filter/CumulativeScopeArtifactFilter done
Event: 11.771 loading class org/apache/maven/artifact/resolver/filter/AbstractScopeArtifactFilter
Event: 11.771 loading class org/apache/maven/artifact/resolver/filter/AbstractScopeArtifactFilter done


Dynamic libraries:
0x00007ff7405f0000 - 0x00007ff7405ff000 	D:\Program Files\jdk13\bin\java.exe
0x00007ffbf4c20000 - 0x00007ffbf4e10000 	C:\WINDOWS\SYSTEM32\ntdll.dll
0x00007ffbf4150000 - 0x00007ffbf4202000 	C:\WINDOWS\System32\KERNEL32.DLL
0x00007ffbf2640000 - 0x00007ffbf28e3000 	C:\WINDOWS\System32\KERNELBASE.dll
0x00007ffbf2540000 - 0x00007ffbf263a000 	C:\WINDOWS\System32\ucrtbase.dll
0x00007ffbc7c40000 - 0x00007ffbc7c58000 	D:\Program Files\jdk13\bin\jli.dll
0x00007ffbe5310000 - 0x00007ffbe5325000 	D:\Program Files\jdk13\bin\VCRUNTIME140.dll
0x00007ffbf4970000 - 0x00007ffbf4a13000 	C:\WINDOWS\System32\ADVAPI32.dll
0x00007ffbf2d80000 - 0x00007ffbf2e1e000 	C:\WINDOWS\System32\msvcrt.dll
0x00007ffbf3bd0000 - 0x00007ffbf3c67000 	C:\WINDOWS\System32\sechost.dll
0x00007ffbf2e20000 - 0x00007ffbf2f40000 	C:\WINDOWS\System32\RPCRT4.dll
0x00007ffbf2ff0000 - 0x00007ffbf3184000 	C:\WINDOWS\System32\USER32.dll
0x00007ffbf1bb0000 - 0x00007ffbf1bd1000 	C:\WINDOWS\System32\win32u.dll
0x00007ffbe5790000 - 0x00007ffbe5a15000 	C:\WINDOWS\WinSxS\amd64_microsoft.windows.common-controls_6595b64144ccf1df_6.0.18362.418_none_e6c6b287130d565d\COMCTL32.dll
0x00007ffbf3dd0000 - 0x00007ffbf3df6000 	C:\WINDOWS\System32\GDI32.dll
0x00007ffbf3e10000 - 0x00007ffbf4146000 	C:\WINDOWS\System32\combase.dll
0x00007ffbf28f0000 - 0x00007ffbf2a84000 	C:\WINDOWS\System32\gdi32full.dll
0x00007ffbf2be0000 - 0x00007ffbf2c7e000 	C:\WINDOWS\System32\msvcp_win.dll
0x00007ffbf2380000 - 0x00007ffbf2400000 	C:\WINDOWS\System32\bcryptPrimitives.dll
0x00007ffbebc10000 - 0x00007ffbebc1a000 	C:\WINDOWS\SYSTEM32\VERSION.dll
0x00007ffbf3b30000 - 0x00007ffbf3b5e000 	C:\WINDOWS\System32\IMM32.DLL
0x00007ffbaff70000 - 0x00007ffbb000b000 	D:\Program Files\jdk13\bin\msvcp140.dll
0x00007ffb88510000 - 0x00007ffb8906d000 	D:\Program Files\jdk13\bin\server\jvm.dll
0x00007ffbf3270000 - 0x00007ffbf3278000 	C:\WINDOWS\System32\PSAPI.DLL
0x00007ffbee790000 - 0x00007ffbee7b4000 	C:\WINDOWS\SYSTEM32\WINMM.dll
0x00007ffbee2c0000 - 0x00007ffbee2c9000 	C:\WINDOWS\SYSTEM32\WSOCK32.dll
0x00007ffbf3b60000 - 0x00007ffbf3bcf000 	C:\WINDOWS\System32\WS2_32.dll
0x00007ffbee760000 - 0x00007ffbee78d000 	C:\WINDOWS\SYSTEM32\winmmbase.dll
0x00007ffbf2c80000 - 0x00007ffbf2cca000 	C:\WINDOWS\System32\cfgmgr32.dll
0x00007ffbf1b70000 - 0x00007ffbf1b81000 	C:\WINDOWS\System32\kernel.appcore.dll
0x00007ffbee950000 - 0x00007ffbee960000 	D:\Program Files\jdk13\bin\verify.dll
0x00007ffbdea40000 - 0x00007ffbdec34000 	C:\WINDOWS\SYSTEM32\DBGHELP.DLL
0x00007ffbd5f60000 - 0x00007ffbd5f8a000 	C:\WINDOWS\SYSTEM32\dbgcore.DLL
0x00007ffbccaf0000 - 0x00007ffbccb16000 	D:\Program Files\jdk13\bin\java.dll
0x00007ffbe1db0000 - 0x00007ffbe1dc7000 	D:\Program Files\jdk13\bin\zip.dll
0x00007ffbedba0000 - 0x00007ffbedbaa000 	D:\Program Files\jdk13\bin\jimage.dll
0x00007ffbf3440000 - 0x00007ffbf3b25000 	C:\WINDOWS\System32\SHELL32.dll
0x00007ffbf2cd0000 - 0x00007ffbf2d79000 	C:\WINDOWS\System32\shcore.dll
0x00007ffbf1be0000 - 0x00007ffbf235f000 	C:\WINDOWS\System32\windows.storage.dll
0x00007ffbf1b50000 - 0x00007ffbf1b6f000 	C:\WINDOWS\System32\profapi.dll
0x00007ffbf1b00000 - 0x00007ffbf1b4a000 	C:\WINDOWS\System32\powrprof.dll
0x00007ffbf1af0000 - 0x00007ffbf1b00000 	C:\WINDOWS\System32\UMPDC.dll
0x00007ffbf4270000 - 0x00007ffbf42c2000 	C:\WINDOWS\System32\shlwapi.dll
0x00007ffbf2360000 - 0x00007ffbf2377000 	C:\WINDOWS\System32\cryptsp.dll
0x00007ffbccad0000 - 0x00007ffbccae9000 	D:\Program Files\jdk13\bin\net.dll
0x00007ffbe4f40000 - 0x00007ffbe5030000 	C:\WINDOWS\SYSTEM32\WINHTTP.dll
0x00007ffbf1360000 - 0x00007ffbf13c7000 	C:\WINDOWS\system32\mswsock.dll
0x00007ffbc8640000 - 0x00007ffbc8653000 	D:\Program Files\jdk13\bin\nio.dll
0x00007ffbee080000 - 0x00007ffbee08a000 	D:\Program Files\NetBeans-12.0\netbeans\java\maven\lib\jansi-native\windows64\jansi.dll

dbghelp: loaded successfully - version: 4.0.5 - missing functions: none
symbol engine: initialized successfully - sym options: 0x614 - pdb path: .;D:\Program Files\jdk13\bin;C:\WINDOWS\SYSTEM32;C:\WINDOWS\WinSxS\amd64_microsoft.windows.common-controls_6595b64144ccf1df_6.0.18362.418_none_e6c6b287130d565d;D:\Program Files\jdk13\bin\server;D:\Program Files\NetBeans-12.0\netbeans\java\maven\lib\jansi-native\windows64

VM Arguments:
jvm_args: -Dclassworlds.conf=D:\Program Files\NetBeans-12.0\netbeans\java\maven\bin\..\bin\m2.conf -Dmaven.home=D:\Program Files\NetBeans-12.0\netbeans\java\maven\bin\.. -Dlibrary.jansi.path=D:\Program Files\NetBeans-12.0\netbeans\java\maven\bin\..\lib\jansi-native -Dmaven.multiModuleProjectDirectory=C:\Users\TAI\Desktop\LearnServlet\JavaShopOnline 
java_command: org.codehaus.plexus.classworlds.launcher.Launcher -Dnetbeans.deploy=true -Dnetbeans.deploy.clientUrlPart=/common/templates/backend-template.html -Dmaven.ext.class.path=D:\Program Files\NetBeans-12.0\netbeans\java\maven-nblib\netbeans-eventspy.jar -Dfile.encoding=UTF-8 package
java_class_path (initial): D:\Program Files\NetBeans-12.0\netbeans\java\maven\bin\..\boot\plexus-classworlds-2.6.0.jar
Launcher Type: SUN_STANDARD

[Global flags]
     intx CICompilerCount                          = 3                                         {product} {ergonomic}
     uint ConcGCThreads                            = 1                                         {product} {ergonomic}
     uint G1ConcRefinementThreads                  = 4                                         {product} {ergonomic}
   size_t G1HeapRegionSize                         = 1048576                                   {product} {ergonomic}
    uintx GCDrainStackTargetSize                   = 64                                        {product} {ergonomic}
   size_t InitialHeapSize                          = 132120576                                 {product} {ergonomic}
   size_t MarkStackSize                            = 4194304                                   {product} {ergonomic}
   size_t MaxHeapSize                              = 2111832064                                {product} {ergonomic}
   size_t MaxNewSize                               = 1266679808                                {product} {ergonomic}
   size_t MinHeapDeltaBytes                        = 1048576                                   {product} {ergonomic}
   size_t MinHeapSize                              = 8388608                                   {product} {ergonomic}
    uintx NonNMethodCodeHeapSize                   = 5832780                                {pd product} {ergonomic}
    uintx NonProfiledCodeHeapSize                  = 122912730                              {pd product} {ergonomic}
    uintx ProfiledCodeHeapSize                     = 122912730                              {pd product} {ergonomic}
    uintx ReservedCodeCacheSize                    = 251658240                              {pd product} {ergonomic}
     bool SegmentedCodeCache                       = true                                      {product} {ergonomic}
   size_t SoftMaxHeapSize                          = 2111832064                             {manageable} {ergonomic}
     bool UseCompressedClassPointers               = true                                 {lp64_product} {ergonomic}
     bool UseCompressedOops                        = true                                 {lp64_product} {ergonomic}
     bool UseG1GC                                  = true                                      {product} {ergonomic}
     bool UseLargePagesIndividualAllocation        = false                                  {pd product} {ergonomic}

Logging:
Log output configuration:
 #0: stdout all=warning uptime,level,tags
 #1: stderr all=off uptime,level,tags

Environment Variables:
JAVA_HOME=D:\Program Files\jdk13
PATH=C:\Program Files\Microsoft MPI\Bin\;C:\Program Files (x86)\Common Files\Oracle\Java\javapath;C:\WINDOWS\system32;C:\WINDOWS;C:\WINDOWS\System32\Wbem;C:\WINDOWS\System32\WindowsPowerShell\v1.0\;C:\WINDOWS\System32\OpenSSH\;C:\Program Files\Git\cmd;C:\Program Files (x86)\Microsoft SQL Server\130\Tools\Binn\;C:\Program Files\Microsoft SQL Server\130\Tools\Binn\;C:\Program Files (x86)\Microsoft SQL Server\130\DTS\Binn\;C:\Program Files\Microsoft SQL Server\130\DTS\Binn\;C:\Program Files\Microsoft SQL Server\Client SDK\ODBC\130\Tools\Binn\;C:\Program Files (x86)\Microsoft SQL Server\Client SDK\ODBC\130\Tools\Binn\;C:\Program Files (x86)\Microsoft SQL Server\130\Tools\Binn\ManagementStudio\;C:\Users\TAI\AppData\Local\Microsoft\WindowsApps;;C:\Users\TAI\AppData\Local\Programs\Microsoft VS Code\bin
USERNAME=TAI
OS=Windows_NT
PROCESSOR_IDENTIFIER=Intel64 Family 6 Model 78 Stepping 3, GenuineIntel



---------------  S Y S T E M  ---------------

OS: Windows 10 , 64 bit Build 18362 (10.0.18362.329)

CPU:total 4 (initial active 4) (2 cores per cpu, 2 threads per core) family 6 model 78 stepping 3, cmov, cx8, fxsr, mmx, sse, sse2, sse3, ssse3, sse4.1, sse4.2, popcnt, avx, avx2, aes, clmul, erms, 3dnowpref, lzcnt, ht, tsc, tscinvbit, bmi1, bmi2, adx, fma

Memory: 4k page, system-wide physical 8051M (1245M free)
TotalPageFile size 12123M (AvailPageFile size 3M)
current process WorkingSet (physical memory assigned to process): 179M, peak: 182M
current process commit charge ("private bytes"): 260M, peak: 264M

vm_info: Java HotSpot(TM) 64-Bit Server VM (13.0.2+8) for windows-amd64 JRE (13.0.2+8), built on Dec 11 2019 09:20:33 by "mach5one" with unknown MS VC++:1916

END.
